<?xml version="1.0" encoding="UTF-8"?>
<!-- Generated by org.testng.reporters.JUnitReportReporter -->
<testsuite skipped="0" hostname="DESKTOP-6788M5A" name="testmvn.Maven.MvnTest" tests="2" failures="0" timestamp="04 Aug 2019 16:18:06 GMT" time="0.026" errors="0">
  <testcase name="aVIEWX" time="0.026" classname="testmvn.Maven.MvnTest"/>
  <testcase name="displayX" time="0.000" classname="testmvn.Maven.MvnTest"/>
</testsuite> <!-- testmvn.Maven.MvnTest -->
